Arguments: 
  /Users/thiago/.nvm/versions/node/v18.12.1/bin/node /Users/thiago/.nvm/versions/node/v18.12.1/bin/yarn

PATH: 
  /Users/thiago/.nvm/versions/node/v18.12.1/bin:/usr/local/bin:/usr/bin:/bin:/usr/sbin:/sbin:/Users/thiago/.nvm/versions/node/v18.12.1/bin:/Users/thiago/go/bin:/usr/local/bin:/Users/thiago/go/bin

Yarn version: 
  1.22.19

Node version: 
  18.12.1

Platform: 
  darwin x64

Trace: 
  Error: ENOENT: no such file or directory, copyfile '/Users/thiago/Library/Caches/Yarn/v6/npm-estraverse-4.3.0-398ad3f3c5a24948be7725e83d11a7de28cdbd1d-integrity/node_modules/estraverse/LICENSE.BSD' -> '/Users/thiago/projects/fc/ddd/node_modules/@typescript-eslint/utils/node_modules/estraverse/LICENSE.BSD'

npm manifest: 
  {
    "scripts": {
      "start": "tsx ./src/main.ts",
      "test": "npm run tsc -- --noEmit && jest",
      "test:watch": "npm run tsc -- --noEmit && jest --watch",
      "tsc": "tsc"
    },
    "dependencies": {
      "reflect-metadata": "^0.1.13",
      "sequelize": "^6.17.0",
      "sequelize-typescript": "^2.1.3",
      "sqlite3": "^5.0.2",
      "uuid": "^8.3.2"
    },
    "devDependencies": {
      "@swc/cli": "^0.1.55",
      "@swc/core": "^1.2.148",
      "@swc/jest": "^0.2.20",
      "@types/jest": "^27.4.1",
      "@types/uuid": "^8.3.4",
      "@typescript-eslint/eslint-plugin": "^5.59.5",
      "eslint": "^8.39.0",
      "eslint-config-prettier": "^8.8.0",
      "eslint-plugin-prettier": "^4.2.1",
      "eslint-plugin-simple-import-sort": "^10.0.0",
      "jest": "^27.5.1",
      "prettier": "^2.8.8",
      "ts-node": "^10.6.0",
      "tsx": "^3.12.7",
      "typescript": "^4.5.5"
    }
  }

yarn manifest: 
  No manifest

Lockfile: 
  No lockfile
